<?xml version="1.0" encoding="UTF-8"?>
<!-- Generated by org.testng.reporters.JUnitReportReporter -->
<testsuite hostname="NVHA" name="TestHIS.TestFormDanhSachBenhNhan" tests="1" failures="0" timestamp="26 Jan 2018 08:01:47 GMT" time="89.005" errors="0">
  <testcase name="DanhSachBenhNhan_9880_3" time="89.005" classname="TestHIS.TestFormDanhSachBenhNhan"/>
</testsuite> <!-- TestHIS.TestFormDanhSachBenhNhan -->
