<?xml version="1.0" encoding="UTF-8"?>
<!-- Generated by org.testng.reporters.JUnitReportReporter -->
<testsuite hostname="NVHA" name="TestHIS.DemoString" tests="1" failures="0" timestamp="25 Jan 2018 09:03:54 GMT" time="3.638" errors="0">
  <testcase name="demo33" time="3.638" classname="TestHIS.DemoString"/>
</testsuite> <!-- TestHIS.DemoString -->
