<?xml version="1.0" encoding="UTF-8"?>
<!-- Generated by org.testng.reporters.JUnitReportReporter -->
<testsuite hostname="NVHA" name="TestHIS.TestCaiDatHIS" tests="1" failures="0" timestamp="6 Nov 2017 03:27:33 GMT" time="11.672" errors="0">
  <testcase name="TestCaiDat" time="11.672" classname="TestHIS.TestCaiDatHIS"/>
</testsuite> <!-- TestHIS.TestCaiDatHIS -->
