<?xml version="1.0" encoding="UTF-8"?>
<!-- Generated by org.testng.reporters.JUnitReportReporter -->
<testsuite hostname="NVHA" name="TestHIS.TestFormTiepNhanBenhNhan" tests="1" failures="0" timestamp="12 Jan 2018 08:20:44 GMT" time="116.837" errors="0">
  <testcase name="tiepNhanBenhNhan_10504_4" time="116.837" classname="TestHIS.TestFormTiepNhanBenhNhan"/>
</testsuite> <!-- TestHIS.TestFormTiepNhanBenhNhan -->
